Watching for file changes with StatReloader
"GET / HTTP/1.1" 500 59
"GET /favicon.ico HTTP/1.1" 500 59
D:\WildGuard MCA\wildguard_backend\config\settings.py changed, reloading.
Watching for file changes with StatReloader
Watching for file changes with StatReloader
Not Found: /
"GET / HTTP/1.1" 404 5352
Not Found: /favicon.ico
"GET /favicon.ico HTTP/1.1" 404 5403
Not Found: /
"GET / HTTP/1.1" 404 5352
Not Found: /
"GET / HTTP/1.1" 404 5352
D:\WildGuard MCA\wildguard_backend\config\settings.py changed, reloading.
D:\WildGuard MCA\wildguard_backend\config\settings.py changed, reloading.
Watching for file changes with StatReloader
Watching for file changes with StatReloader
Not Found: /api/health/
"GET /api/health/ HTTP/1.1" 404 5403
Internal Server Error: /api/user/dashboard/
Traceback (most recent call last):
  File "C:\Users\kunju\AppData\Local\Programs\Python\Python311\Lib\site-packages\django\core\handlers\exception.py", line 55, in inner
    response = get_response(request)
               ^^^^^^^^^^^^^^^^^^^^^
  File "C:\Users\kunju\AppData\Local\Programs\Python\Python311\Lib\site-packages\django\utils\deprecation.py", line 136, in __call__
    response = self.process_response(request, response)
               ^^^^^^^^^^^^^^^^^^^^^^^^^^^^^^^^^^^^^^^^
  File "C:\Users\kunju\AppData\Local\Programs\Python\Python311\Lib\site-packages\django\middleware\common.py", line 107, in process_response
    if response.status_code == 404 and self.should_redirect_with_slash(request):
       ^^^^^^^^^^^^^^^^^^^^
AttributeError: 'tuple' object has no attribute 'status_code'
"GET /api/user/dashboard/ HTTP/1.1" 500 65642
D:\WildGuard MCA\wildguard_backend\accounts\auth.py changed, reloading.
D:\WildGuard MCA\wildguard_backend\accounts\auth.py changed, reloading.
Watching for file changes with StatReloader
Watching for file changes with StatReloader
D:\WildGuard MCA\wildguard_backend\accounts\auth.py changed, reloading.
D:\WildGuard MCA\wildguard_backend\accounts\auth.py changed, reloading.
Watching for file changes with StatReloader
Watching for file changes with StatReloader
D:\WildGuard MCA\wildguard_backend\accounts\auth.py changed, reloading.
D:\WildGuard MCA\wildguard_backend\accounts\auth.py changed, reloading.
Watching for file changes with StatReloader
Watching for file changes with StatReloader
Unauthorized: /api/user/dashboard/
"GET /api/user/dashboard/ HTTP/1.1" 401 70
Bad Request: /api/auth/login/
"POST /api/auth/login/ HTTP/1.1" 400 61
D:\WildGuard MCA\wildguard_backend\accounts\auth.py changed, reloading.
D:\WildGuard MCA\wildguard_backend\accounts\auth.py changed, reloading.
Watching for file changes with StatReloader
Watching for file changes with StatReloader
Internal Server Error: /api/auth/login/
"POST /api/auth/login/ HTTP/1.1" 500 627
D:\WildGuard MCA\wildguard_backend\config\settings.py changed, reloading.
D:\WildGuard MCA\wildguard_backend\config\settings.py changed, reloading.
Watching for file changes with StatReloader
Watching for file changes with StatReloader
D:\WildGuard MCA\wildguard_backend\config\settings.py changed, reloading.
D:\WildGuard MCA\wildguard_backend\config\settings.py changed, reloading.
Watching for file changes with StatReloader
D:\WildGuard MCA\wildguard_backend\config\settings.py changed, reloading.
D:\WildGuard MCA\wildguard_backend\config\settings.py changed, reloading.
Watching for file changes with StatReloader
Watching for file changes with StatReloader
Watching for file changes with StatReloader
Not Found: /
"GET / HTTP/1.1" 404 5352
Internal Server Error: /api/auth/login/
"POST /api/auth/login/ HTTP/1.1" 500 96
D:\WildGuard MCA\wildguard_backend\config\settings.py changed, reloading.
D:\WildGuard MCA\wildguard_backend\config\settings.py changed, reloading.
Watching for file changes with StatReloader
Watching for file changes with StatReloader
Watching for file changes with StatReloader
Internal Server Error: /api/auth/login/
"POST /api/auth/login/ HTTP/1.1" 500 96
D:\WildGuard MCA\wildguard_backend\detection\models.py changed, reloading.
D:\WildGuard MCA\wildguard_backend\detection\models.py changed, reloading.
Watching for file changes with StatReloader
Watching for file changes with StatReloader
D:\WildGuard MCA\wildguard_backend\accounts\views.py changed, reloading.
D:\WildGuard MCA\wildguard_backend\accounts\views.py changed, reloading.
Watching for file changes with StatReloader
Watching for file changes with StatReloader
Internal Server Error: /api/auth/login/
"POST /api/auth/login/ HTTP/1.1" 500 96
D:\WildGuard MCA\wildguard_backend\accounts\views.py changed, reloading.
D:\WildGuard MCA\wildguard_backend\detection\models.py changed, reloading.
Watching for file changes with StatReloader
Watching for file changes with StatReloader
D:\WildGuard MCA\wildguard_backend\config\settings.py changed, reloading.
D:\WildGuard MCA\wildguard_backend\config\settings.py changed, reloading.
Watching for file changes with StatReloader
Watching for file changes with StatReloader
Watching for file changes with StatReloader
D:\WildGuard MCA\wildguard_backend\config\settings.py changed, reloading.
D:\WildGuard MCA\wildguard_backend\config\settings.py changed, reloading.
D:\WildGuard MCA\wildguard_backend\config\settings.py changed, reloading.
Watching for file changes with StatReloader
Watching for file changes with StatReloader
Watching for file changes with StatReloader
Internal Server Error: /api/auth/login/
"POST /api/auth/login/ HTTP/1.1" 500 96
D:\WildGuard MCA\wildguard_backend\detection\models.py changed, reloading.
D:\WildGuard MCA\wildguard_backend\detection\models.py changed, reloading.
Watching for file changes with StatReloader
Watching for file changes with StatReloader
Internal Server Error: /api/auth/login/
"POST /api/auth/login/ HTTP/1.1" 500 96
Internal Server Error: /api/auth/login/
"POST /api/auth/login/ HTTP/1.1" 500 96
D:\WildGuard MCA\wildguard_backend\accounts\views.py changed, reloading.
D:\WildGuard MCA\wildguard_backend\accounts\views.py changed, reloading.
Watching for file changes with StatReloader
Watching for file changes with StatReloader
D:\WildGuard MCA\wildguard_backend\accounts\views.py changed, reloading.
D:\WildGuard MCA\wildguard_backend\accounts\views.py changed, reloading.
Watching for file changes with StatReloader
Watching for file changes with StatReloader
"POST /api/auth/login/ HTTP/1.1" 200 591
"OPTIONS /api/auth/login/ HTTP/1.1" 200 0
"POST /api/auth/login/ HTTP/1.1" 200 591
"POST /api/auth/login/ HTTP/1.1" 200 591
"POST /api/auth/login/ HTTP/1.1" 200 591
- Broken pipe from ('127.0.0.1', 55208)
- Broken pipe from ('127.0.0.1', 57400)
Unauthorized: /api/auth/login/
"POST /api/auth/login/ HTTP/1.1" 401 50
Unauthorized: /api/auth/login/
"POST /api/auth/login/ HTTP/1.1" 401 50
Unauthorized: /api/auth/login/
"POST /api/auth/login/ HTTP/1.1" 401 50
Unauthorized: /api/auth/login/
"POST /api/auth/login/ HTTP/1.1" 401 50
"POST /api/auth/login/ HTTP/1.1" 200 594
"POST /api/auth/login/ HTTP/1.1" 200 594
"POST /api/auth/login/ HTTP/1.1" 200 591
D:\WildGuard MCA\wildguard_backend\accounts\views.py changed, reloading.
D:\WildGuard MCA\wildguard_backend\accounts\views.py changed, reloading.
Watching for file changes with StatReloader
Watching for file changes with StatReloader
"OPTIONS /api/admin/dashboard/ HTTP/1.1" 200 0
"OPTIONS /api/admin/dashboard/ HTTP/1.1" 200 0
"GET /api/admin/dashboard/ HTTP/1.1" 200 333
"GET /api/admin/dashboard/ HTTP/1.1" 200 333
"GET /api/admin/dashboard/ HTTP/1.1" 200 333
D:\WildGuard MCA\wildguard_backend\admin_module\views.py changed, reloading.
D:\WildGuard MCA\wildguard_backend\admin_module\views.py changed, reloading.
Watching for file changes with StatReloader
Watching for file changes with StatReloader
D:\WildGuard MCA\wildguard_backend\admin_module\views.py changed, reloading.
D:\WildGuard MCA\wildguard_backend\admin_module\views.py changed, reloading.
Watching for file changes with StatReloader
"GET /api/admin/dashboard/ HTTP/1.1" 200 789
Watching for file changes with StatReloader
D:\WildGuard MCA\wildguard_backend\admin_module\views.py changed, reloading.
D:\WildGuard MCA\wildguard_backend\admin_module\views.py changed, reloading.
Watching for file changes with StatReloader
Watching for file changes with StatReloader
D:\WildGuard MCA\wildguard_backend\admin_module\views.py changed, reloading.
D:\WildGuard MCA\wildguard_backend\admin_module\views.py changed, reloading.
Watching for file changes with StatReloader
Watching for file changes with StatReloader
"GET /api/admin/dashboard/ HTTP/1.1" 200 789
D:\WildGuard MCA\wildguard_backend\admin_module\views.py changed, reloading.
D:\WildGuard MCA\wildguard_backend\admin_module\views.py changed, reloading.
Watching for file changes with StatReloader
Watching for file changes with StatReloader
"GET /api/admin/dashboard/ HTTP/1.1" 200 789
"GET /api/admin/dashboard/ HTTP/1.1" 200 789
"GET /api/admin/dashboard/ HTTP/1.1" 200 789
"GET /api/admin/dashboard/ HTTP/1.1" 200 789
Watching for file changes with StatReloader
"GET /api/admin/dashboard/ HTTP/1.1" 200 789
"GET /api/admin/dashboard/ HTTP/1.1" 200 789
"OPTIONS /api/auth/logout/ HTTP/1.1" 200 0
"POST /api/auth/logout/ HTTP/1.1" 200 55
"POST /api/auth/login/ HTTP/1.1" 200 591
"GET /api/admin/dashboard/ HTTP/1.1" 200 789
"GET /api/admin/dashboard/ HTTP/1.1" 200 789
"GET /api/admin/dashboard/ HTTP/1.1" 200 789
"GET /api/admin/dashboard/ HTTP/1.1" 200 789
"GET /api/admin/dashboard/ HTTP/1.1" 200 789
"GET /api/admin/dashboard/ HTTP/1.1" 200 789
"GET /api/admin/dashboard/ HTTP/1.1" 200 789
"GET /api/admin/dashboard/ HTTP/1.1" 200 789
Watching for file changes with StatReloader
